<?xml version="1.0" encoding="UTF-8"?>
<!-- Generated by org.testng.reporters.JUnitXMLReporter -->
<testsuite hostname="DESKTOP-1D1H5F9" ignored="0" name="Testing the reports" tests="2" failures="1" timestamp="25 Apr 2020 14:41:11 GMT" time="23.731" errors="0">
  <testcase name="getTitle1" time="0.121" classname="com.qa.tests.GoogleTitle"/>
  <testcase name="getTitle2" time="0.021" classname="com.qa.tests.FacebookTitle">
    <failure type="java.lang.AssertionError" message="expected [LogFacebook] but found [Log in to Facebook | Facebook]">
      <![CDATA[java.lang.AssertionError: expected [LogFacebook] but found [Log in to Facebook | Facebook]
at com.qa.tests.FacebookTitle.getTitle2(FacebookTitle.java:23)
... Removed 31 stack frames]]>
    </failure>
  </testcase> <!-- getTitle2 -->
</testsuite> <!-- Testing the reports -->
